[35m[1mConsolidate compiler generated dependencies of target serial[0m
[ 50%] Built target serial
[35m[1mConsolidate compiler generated dependencies of target contact[0m
[ 62%] [32mBuilding CXX object CMakeFiles/contact.dir/src/ContactNode.cpp.o[0m
In file included from [01m[K/home/shucheng/contact/src/ContactNode.cpp:3[m[K:
[01m[K/home/shucheng/contact/include/CommPort.h:43:5:[m[K [01;35m[Kwarning: [m[Kâ€˜[01m[Ktypedef[m[Kâ€™ was ignored in this declaration
   43 |     [01;35m[Ktypedef[m[K struct ProjectileRx
      |     [01;35m[K^~~~~~~[m[K
[01m[K/home/shucheng/contact/src/ContactNode.cpp:[m[K In constructor â€˜[01m[KContactNode::ContactNode()[m[Kâ€™:
[01m[K/home/shucheng/contact/src/ContactNode.cpp:13:44:[m[K [01;31m[Kerror: [m[Kno matching function for call to â€˜[01m[KContactNode::create_wall_timer(int, std::_Bind_helper<false, void (ContactNode::*)(), ContactNode*>::type)[m[Kâ€™
   13 |         __timer__ = [01;31m[Kthis->create_wall_timer(10, std::bind(&ContactNode::timer_callback, this))[m[K;
      |                     [01;31m[K~~~~~~~~~~~~~~~~~~~~~~~^~~~~~~~~~~~~~~~~~~~~~~~~~~~~~~~~~~~~~~~~~~~~~~~~~~[m[K
In file included from [01m[K/opt/ros/humble/include/rclcpp/rclcpp/executors/single_threaded_executor.hpp:28[m[K,
                 from [01m[K/opt/ros/humble/include/rclcpp/rclcpp/executors.hpp:22[m[K,
                 from [01m[K/opt/ros/humble/include/rclcpp/rclcpp/rclcpp.hpp:155[m[K,
                 from [01m[K/home/shucheng/contact/src/ContactNode.cpp:1[m[K:
[01m[K/opt/ros/humble/include/rclcpp/rclcpp/node.hpp:238:3:[m[K [01;36m[Knote: [m[Kcandidate: â€˜[01m[Ktemplate<class DurationRepT, class DurationT, class CallbackT> typename rclcpp::WallTimer<CallbackT>::SharedPtr rclcpp::Node::create_wall_timer(std::chrono::duration<_Rep1, _Period1>, CallbackT, rclcpp::CallbackGroup::SharedPtr)[m[Kâ€™
  238 |   [01;36m[Kcreate_wall_timer[m[K(
      |   [01;36m[K^~~~~~~~~~~~~~~~~[m[K
[01m[K/opt/ros/humble/include/rclcpp/rclcpp/node.hpp:238:3:[m[K [01;36m[Knote: [m[K  template argument deduction/substitution failed:
[01m[K/home/shucheng/contact/src/ContactNode.cpp:13:44:[m[K [01;36m[Knote: [m[K  mismatched types â€˜[01m[Kstd::chrono::duration<_Rep1, _Period1>[m[Kâ€™ and â€˜[01m[Kint[m[Kâ€™
   13 |         __timer__ = [01;36m[Kthis->create_wall_timer(10, std::bind(&ContactNode::timer_callback, this))[m[K;
      |                     [01;36m[K~~~~~~~~~~~~~~~~~~~~~~~^~~~~~~~~~~~~~~~~~~~~~~~~~~~~~~~~~~~~~~~~~~~~~~~~~~[m[K
gmake[2]: *** [CMakeFiles/contact.dir/build.make:76: CMakeFiles/contact.dir/src/ContactNode.cpp.o] Error 1
gmake[1]: *** [CMakeFiles/Makefile2:154: CMakeFiles/contact.dir/all] Error 2
gmake: *** [Makefile:146: all] Error 2
